The target system is: Generic - 2.4.99 - arm
The host system is: Linux - 5.8.0-53-generic - x86_64
Compiling the C compiler identification source file "CMakeCCompilerId.c" succeeded.
Compiler: /usr/share/gcc-arm-none-eabi-10-2020-q4-major/bin/arm-none-eabi-gcc 
Build flags: 
Id flags: -c 

The output was:
0


Compilation of the C compiler identification source "CMakeCCompilerId.c" produced "CMakeCCompilerId.o"

The C compiler identification is GNU, found in "/opt/Nordic/connect-sdk/nrf/samples/bluetooth/peripheral_lbs/build_nrf5340dk_nrf5340_cpuapp/hci_rpmsg/CMakeFiles/3.16.3/CompilerIdC/CMakeCCompilerId.o"

Compiling the CXX compiler identification source file "CMakeCXXCompilerId.cpp" succeeded.
Compiler: /usr/share/gcc-arm-none-eabi-10-2020-q4-major/bin/arm-none-eabi-g++ 
Build flags: 
Id flags: -c 

The output was:
0


Compilation of the CXX compiler identification source "CMakeCXXCompilerId.cpp" produced "CMakeCXXCompilerId.o"

The CXX compiler identification is GNU, found in "/opt/Nordic/connect-sdk/nrf/samples/bluetooth/peripheral_lbs/build_nrf5340dk_nrf5340_cpuapp/hci_rpmsg/CMakeFiles/3.16.3/CompilerIdCXX/CMakeCXXCompilerId.o"

Checking whether the ASM compiler is GNU using "--version" matched "(GNU assembler)|(GCC)|(Free Software Foundation)":
arm-none-eabi-gcc (GNU Arm Embedded Toolchain 10-2020-q4-major) 10.2.1 20201103 (release)
Copyright (C) 2020 Free Software Foundation, Inc.
This is free software; see the source for copying conditions.  There is NO
warranty; not even for MERCHANTABILITY or FITNESS FOR A PARTICULAR PURPOSE.

Performing C SOURCE FILE Test check_C__nostartfiles__nostdlib__isystem___usr_share_gcc_arm_none_eabi_10_2020_q4_major_bin____lib_gcc_arm_none_eabi_10_2_1_include___isystem___usr_share_gcc_arm_none_eabi_10_2020_q4_major_bin____lib_gcc_arm_none_eabi_10_2_1_include_fixed___Wl___unresolved_symbols_ignore_in_object_files__Wl___entry_0__mcpu_cortex_m33_nodsp succeeded with the following output:
Change Dir: /opt/Nordic/connect-sdk/nrf/samples/bluetooth/peripheral_lbs/build_nrf5340dk_nrf5340_cpuapp/hci_rpmsg/CMakeFiles/CMakeTmp

Run Build Command(s):/usr/bin/ninja cmTC_cbe45 && [1/2] Building C object CMakeFiles/cmTC_cbe45.dir/src.c.obj
[2/2] Linking C executable cmTC_cbe45


Source file was:
int main(void) { return 0; }
Performing C SOURCE FILE Test check_fmacro_prefix_map__opt_Nordic_connect_sdk_zephyr_samples_bluetooth_hci_rpmsg_CMAKE_SOURCE_DIR_C__nostartfiles__nostdlib__isystem___usr_share_gcc_arm_none_eabi_10_2020_q4_major_bin____lib_gcc_arm_none_eabi_10_2_1_include___isystem___usr_share_gcc_arm_none_eabi_10_2020_q4_major_bin____lib_gcc_arm_none_eabi_10_2_1_include_fixed___Wl___unresolved_symbols_ignore_in_object_files__Wl___entry_0 succeeded with the following output:
Change Dir: /opt/Nordic/connect-sdk/nrf/samples/bluetooth/peripheral_lbs/build_nrf5340dk_nrf5340_cpuapp/hci_rpmsg/CMakeFiles/CMakeTmp

Run Build Command(s):/usr/bin/ninja cmTC_a6869 && [1/2] Building C object CMakeFiles/cmTC_a6869.dir/src.c.obj
[2/2] Linking C executable cmTC_a6869


Source file was:
int main(void) { return 0; }
Determining if files stdatomic.h exist passed with the following output:
Change Dir: /opt/Nordic/connect-sdk/nrf/samples/bluetooth/peripheral_lbs/build_nrf5340dk_nrf5340_cpuapp/hci_rpmsg/CMakeFiles/CMakeTmp

Run Build Command(s):/usr/bin/ninja cmTC_3595d && [1/2] Building C object CMakeFiles/cmTC_3595d.dir/HAVE_STDATOMIC_H.c.obj
[2/2] Linking C executable cmTC_3595d
arm-none-eabi-gcc: warning: CMakeFiles/cmTC_3595d.dir/HAVE_STDATOMIC_H.c.obj: linker input file unused because linking not done



Determining if files fcntl.h exist passed with the following output:
Change Dir: /opt/Nordic/connect-sdk/nrf/samples/bluetooth/peripheral_lbs/build_nrf5340dk_nrf5340_cpuapp/hci_rpmsg/CMakeFiles/CMakeTmp

Run Build Command(s):/usr/bin/ninja cmTC_49bc3 && [1/2] Building C object CMakeFiles/cmTC_49bc3.dir/HAVE_FCNTL_H.c.obj
[2/2] Linking C executable cmTC_49bc3
arm-none-eabi-gcc: warning: CMakeFiles/cmTC_49bc3.dir/HAVE_FCNTL_H.c.obj: linker input file unused because linking not done



