The target system is: Generic - 2.4.99 - arm
The host system is: Linux - 5.8.0-53-generic - x86_64
Compiling the C compiler identification source file "CMakeCCompilerId.c" succeeded.
Compiler: /usr/share/gcc-arm-none-eabi-10-2020-q4-major/bin/arm-none-eabi-gcc 
Build flags: 
Id flags: -c 

The output was:
0


Compilation of the C compiler identification source "CMakeCCompilerId.c" produced "CMakeCCompilerId.o"

The C compiler identification is GNU, found in "/opt/Nordic/connect-sdk/nrf/samples/bluetooth/peripheral_lbs/build_nrf5340dk_nrf5340_cpuapp/CMakeFiles/3.16.3/CompilerIdC/CMakeCCompilerId.o"

Compiling the CXX compiler identification source file "CMakeCXXCompilerId.cpp" succeeded.
Compiler: /usr/share/gcc-arm-none-eabi-10-2020-q4-major/bin/arm-none-eabi-g++ 
Build flags: 
Id flags: -c 

The output was:
0


Compilation of the CXX compiler identification source "CMakeCXXCompilerId.cpp" produced "CMakeCXXCompilerId.o"

The CXX compiler identification is GNU, found in "/opt/Nordic/connect-sdk/nrf/samples/bluetooth/peripheral_lbs/build_nrf5340dk_nrf5340_cpuapp/CMakeFiles/3.16.3/CompilerIdCXX/CMakeCXXCompilerId.o"

Checking whether the ASM compiler is GNU using "--version" matched "(GNU assembler)|(GCC)|(Free Software Foundation)":
arm-none-eabi-gcc (GNU Arm Embedded Toolchain 10-2020-q4-major) 10.2.1 20201103 (release)
Copyright (C) 2020 Free Software Foundation, Inc.
This is free software; see the source for copying conditions.  There is NO
warranty; not even for MERCHANTABILITY or FITNESS FOR A PARTICULAR PURPOSE.

Performing C SOURCE FILE Test check_C__nostartfiles__nostdlib__isystem___usr_share_gcc_arm_none_eabi_10_2020_q4_major_bin____lib_gcc_arm_none_eabi_10_2_1_include___isystem___usr_share_gcc_arm_none_eabi_10_2020_q4_major_bin____lib_gcc_arm_none_eabi_10_2_1_include_fixed___Wl___unresolved_symbols_ignore_in_object_files__Wl___entry_0_ succeeded with the following output:
Change Dir: /opt/Nordic/connect-sdk/nrf/samples/bluetooth/peripheral_lbs/build_nrf5340dk_nrf5340_cpuapp/CMakeFiles/CMakeTmp

Run Build Command(s):/usr/bin/ninja cmTC_e91c1 && [1/2] Building C object CMakeFiles/cmTC_e91c1.dir/src.c.obj
[2/2] Linking C executable cmTC_e91c1


Source file was:
int main(void) { return 0; }
Performing C SOURCE FILE Test check_Wpointer_sign_C__nostartfiles__nostdlib__isystem___usr_share_gcc_arm_none_eabi_10_2020_q4_major_bin____lib_gcc_arm_none_eabi_10_2_1_include___isystem___usr_share_gcc_arm_none_eabi_10_2020_q4_major_bin____lib_gcc_arm_none_eabi_10_2_1_include_fixed___Wl___unresolved_symbols_ignore_in_object_files__Wl___entry_0 succeeded with the following output:
Change Dir: /opt/Nordic/connect-sdk/nrf/samples/bluetooth/peripheral_lbs/build_nrf5340dk_nrf5340_cpuapp/CMakeFiles/CMakeTmp

Run Build Command(s):/usr/bin/ninja cmTC_e40bb && [1/2] Building C object CMakeFiles/cmTC_e40bb.dir/src.c.obj
[2/2] Linking C executable cmTC_e40bb


Source file was:
int main(void) { return 0; }
Performing C SOURCE FILE Test check_Wpointer_arith_C__nostartfiles__nostdlib__isystem___usr_share_gcc_arm_none_eabi_10_2020_q4_major_bin____lib_gcc_arm_none_eabi_10_2_1_include___isystem___usr_share_gcc_arm_none_eabi_10_2020_q4_major_bin____lib_gcc_arm_none_eabi_10_2_1_include_fixed___Wl___unresolved_symbols_ignore_in_object_files__Wl___entry_0 succeeded with the following output:
Change Dir: /opt/Nordic/connect-sdk/nrf/samples/bluetooth/peripheral_lbs/build_nrf5340dk_nrf5340_cpuapp/CMakeFiles/CMakeTmp

Run Build Command(s):/usr/bin/ninja cmTC_39cdc && [1/2] Building C object CMakeFiles/cmTC_39cdc.dir/src.c.obj
[2/2] Linking C executable cmTC_39cdc


Source file was:
int main(void) { return 0; }
Performing C SOURCE FILE Test check_Wlogical_op_C__nostartfiles__nostdlib__isystem___usr_share_gcc_arm_none_eabi_10_2020_q4_major_bin____lib_gcc_arm_none_eabi_10_2_1_include___isystem___usr_share_gcc_arm_none_eabi_10_2020_q4_major_bin____lib_gcc_arm_none_eabi_10_2_1_include_fixed___Wl___unresolved_symbols_ignore_in_object_files__Wl___entry_0 succeeded with the following output:
Change Dir: /opt/Nordic/connect-sdk/nrf/samples/bluetooth/peripheral_lbs/build_nrf5340dk_nrf5340_cpuapp/CMakeFiles/CMakeTmp

Run Build Command(s):/usr/bin/ninja cmTC_f6425 && [1/2] Building C object CMakeFiles/cmTC_f6425.dir/src.c.obj
[2/2] Linking C executable cmTC_f6425


Source file was:
int main(void) { return 0; }
Performing C SOURCE FILE Test check_Wmissing_field_initializers_C__nostartfiles__nostdlib__isystem___usr_share_gcc_arm_none_eabi_10_2020_q4_major_bin____lib_gcc_arm_none_eabi_10_2_1_include___isystem___usr_share_gcc_arm_none_eabi_10_2020_q4_major_bin____lib_gcc_arm_none_eabi_10_2_1_include_fixed___Wl___unresolved_symbols_ignore_in_object_files__Wl___entry_0 succeeded with the following output:
Change Dir: /opt/Nordic/connect-sdk/nrf/samples/bluetooth/peripheral_lbs/build_nrf5340dk_nrf5340_cpuapp/CMakeFiles/CMakeTmp

Run Build Command(s):/usr/bin/ninja cmTC_ab959 && [1/2] Building C object CMakeFiles/cmTC_ab959.dir/src.c.obj
[2/2] Linking C executable cmTC_ab959


Source file was:
int main(void) { return 0; }
Performing C SOURCE FILE Test check_Wpacked_bitfield_compat_C__nostartfiles__nostdlib__isystem___usr_share_gcc_arm_none_eabi_10_2020_q4_major_bin____lib_gcc_arm_none_eabi_10_2_1_include___isystem___usr_share_gcc_arm_none_eabi_10_2020_q4_major_bin____lib_gcc_arm_none_eabi_10_2_1_include_fixed___Wl___unresolved_symbols_ignore_in_object_files__Wl___entry_0 succeeded with the following output:
Change Dir: /opt/Nordic/connect-sdk/nrf/samples/bluetooth/peripheral_lbs/build_nrf5340dk_nrf5340_cpuapp/CMakeFiles/CMakeTmp

Run Build Command(s):/usr/bin/ninja cmTC_aa3eb && [1/2] Building C object CMakeFiles/cmTC_aa3eb.dir/src.c.obj
[2/2] Linking C executable cmTC_aa3eb


Source file was:
int main(void) { return 0; }
Performing C SOURCE FILE Test check_Wvla_C__nostartfiles__nostdlib__isystem___usr_share_gcc_arm_none_eabi_10_2020_q4_major_bin____lib_gcc_arm_none_eabi_10_2_1_include___isystem___usr_share_gcc_arm_none_eabi_10_2020_q4_major_bin____lib_gcc_arm_none_eabi_10_2_1_include_fixed___Wl___unresolved_symbols_ignore_in_object_files__Wl___entry_0 succeeded with the following output:
Change Dir: /opt/Nordic/connect-sdk/nrf/samples/bluetooth/peripheral_lbs/build_nrf5340dk_nrf5340_cpuapp/CMakeFiles/CMakeTmp

Run Build Command(s):/usr/bin/ninja cmTC_6c275 && [1/2] Building C object CMakeFiles/cmTC_6c275.dir/src.c.obj
[2/2] Linking C executable cmTC_6c275


Source file was:
int main(void) { return 0; }
Performing C SOURCE FILE Test check_Wunused_but_set_variable_C__nostartfiles__nostdlib__isystem___usr_share_gcc_arm_none_eabi_10_2020_q4_major_bin____lib_gcc_arm_none_eabi_10_2_1_include___isystem___usr_share_gcc_arm_none_eabi_10_2020_q4_major_bin____lib_gcc_arm_none_eabi_10_2_1_include_fixed___Wl___unresolved_symbols_ignore_in_object_files__Wl___entry_0 succeeded with the following output:
Change Dir: /opt/Nordic/connect-sdk/nrf/samples/bluetooth/peripheral_lbs/build_nrf5340dk_nrf5340_cpuapp/CMakeFiles/CMakeTmp

Run Build Command(s):/usr/bin/ninja cmTC_a99ef && [1/2] Building C object CMakeFiles/cmTC_a99ef.dir/src.c.obj
[2/2] Linking C executable cmTC_a99ef


Source file was:
int main(void) { return 0; }
Performing C SOURCE FILE Test check_Werror_implicit_int_C__nostartfiles__nostdlib__isystem___usr_share_gcc_arm_none_eabi_10_2020_q4_major_bin____lib_gcc_arm_none_eabi_10_2_1_include___isystem___usr_share_gcc_arm_none_eabi_10_2020_q4_major_bin____lib_gcc_arm_none_eabi_10_2_1_include_fixed___Wl___unresolved_symbols_ignore_in_object_files__Wl___entry_0 succeeded with the following output:
Change Dir: /opt/Nordic/connect-sdk/nrf/samples/bluetooth/peripheral_lbs/build_nrf5340dk_nrf5340_cpuapp/CMakeFiles/CMakeTmp

Run Build Command(s):/usr/bin/ninja cmTC_7b437 && [1/2] Building C object CMakeFiles/cmTC_7b437.dir/src.c.obj
[2/2] Linking C executable cmTC_7b437


Source file was:
int main(void) { return 0; }
Performing C SOURCE FILE Test check_fno_freestanding_C__nostartfiles__nostdlib__isystem___usr_share_gcc_arm_none_eabi_10_2020_q4_major_bin____lib_gcc_arm_none_eabi_10_2_1_include___isystem___usr_share_gcc_arm_none_eabi_10_2020_q4_major_bin____lib_gcc_arm_none_eabi_10_2_1_include_fixed___Wl___unresolved_symbols_ignore_in_object_files__Wl___entry_0 succeeded with the following output:
Change Dir: /opt/Nordic/connect-sdk/nrf/samples/bluetooth/peripheral_lbs/build_nrf5340dk_nrf5340_cpuapp/CMakeFiles/CMakeTmp

Run Build Command(s):/usr/bin/ninja cmTC_9b47e && [1/2] Building C object CMakeFiles/cmTC_9b47e.dir/src.c.obj
[2/2] Linking C executable cmTC_9b47e


Source file was:
int main(void) { return 0; }
Performing C SOURCE FILE Test check_C__nostartfiles__nostdlib__isystem___usr_share_gcc_arm_none_eabi_10_2020_q4_major_bin____lib_gcc_arm_none_eabi_10_2_1_include___isystem___usr_share_gcc_arm_none_eabi_10_2020_q4_major_bin____lib_gcc_arm_none_eabi_10_2_1_include_fixed___Wl___unresolved_symbols_ignore_in_object_files__Wl___entry_0__Wl___print_memory_usage succeeded with the following output:
Change Dir: /opt/Nordic/connect-sdk/nrf/samples/bluetooth/peripheral_lbs/build_nrf5340dk_nrf5340_cpuapp/CMakeFiles/CMakeTmp

Run Build Command(s):/usr/bin/ninja cmTC_808ea && [1/2] Building C object CMakeFiles/cmTC_808ea.dir/src.c.obj
[2/2] Linking C executable cmTC_808ea
Memory region         Used Size  Region Size  %age Used


Source file was:
int main(void) { return 0; }
Performing C SOURCE FILE Test check_C__nostartfiles__nostdlib__isystem___usr_share_gcc_arm_none_eabi_10_2020_q4_major_bin____lib_gcc_arm_none_eabi_10_2_1_include___isystem___usr_share_gcc_arm_none_eabi_10_2020_q4_major_bin____lib_gcc_arm_none_eabi_10_2_1_include_fixed___Wl___unresolved_symbols_ignore_in_object_files__Wl___entry_0__fsanitize_address succeeded with the following output:
Change Dir: /opt/Nordic/connect-sdk/nrf/samples/bluetooth/peripheral_lbs/build_nrf5340dk_nrf5340_cpuapp/CMakeFiles/CMakeTmp

Run Build Command(s):/usr/bin/ninja cmTC_7a1f4 && [1/2] Building C object CMakeFiles/cmTC_7a1f4.dir/src.c.obj
[2/2] Linking C executable cmTC_7a1f4


Source file was:
int main(void) { return 0; }
Performing C SOURCE FILE Test check_C__nostartfiles__nostdlib__isystem___usr_share_gcc_arm_none_eabi_10_2020_q4_major_bin____lib_gcc_arm_none_eabi_10_2_1_include___isystem___usr_share_gcc_arm_none_eabi_10_2020_q4_major_bin____lib_gcc_arm_none_eabi_10_2_1_include_fixed___Wl___unresolved_symbols_ignore_in_object_files__Wl___entry_0__fsanitize_undefined succeeded with the following output:
Change Dir: /opt/Nordic/connect-sdk/nrf/samples/bluetooth/peripheral_lbs/build_nrf5340dk_nrf5340_cpuapp/CMakeFiles/CMakeTmp

Run Build Command(s):/usr/bin/ninja cmTC_6d739 && [1/2] Building C object CMakeFiles/cmTC_6d739.dir/src.c.obj
[2/2] Linking C executable cmTC_6d739


Source file was:
int main(void) { return 0; }
Performing C SOURCE FILE Test check_C__nostartfiles__nostdlib__isystem___usr_share_gcc_arm_none_eabi_10_2020_q4_major_bin____lib_gcc_arm_none_eabi_10_2_1_include___isystem___usr_share_gcc_arm_none_eabi_10_2020_q4_major_bin____lib_gcc_arm_none_eabi_10_2_1_include_fixed___Wl___unresolved_symbols_ignore_in_object_files__Wl___entry_0 succeeded with the following output:
Change Dir: /opt/Nordic/connect-sdk/nrf/samples/bluetooth/peripheral_lbs/build_nrf5340dk_nrf5340_cpuapp/CMakeFiles/CMakeTmp

Run Build Command(s):/usr/bin/ninja cmTC_0e6a7 && [1/2] Building C object CMakeFiles/cmTC_0e6a7.dir/src.c.obj
[2/2] Linking C executable cmTC_0e6a7


Source file was:
int main(void) { return 0; }
Performing C SOURCE FILE Test check_C__nostartfiles__nostdlib__isystem___usr_share_gcc_arm_none_eabi_10_2020_q4_major_bin____lib_gcc_arm_none_eabi_10_2_1_include___isystem___usr_share_gcc_arm_none_eabi_10_2020_q4_major_bin____lib_gcc_arm_none_eabi_10_2_1_include_fixed___Wl___unresolved_symbols_ignore_in_object_files__Wl___entry_0__mcpu_cortex_m33 succeeded with the following output:
Change Dir: /opt/Nordic/connect-sdk/nrf/samples/bluetooth/peripheral_lbs/build_nrf5340dk_nrf5340_cpuapp/CMakeFiles/CMakeTmp

Run Build Command(s):/usr/bin/ninja cmTC_f0243 && [1/2] Building C object CMakeFiles/cmTC_f0243.dir/src.c.obj
[2/2] Linking C executable cmTC_f0243


Source file was:
int main(void) { return 0; }
Performing C SOURCE FILE Test check_C__nostartfiles__nostdlib__isystem___usr_share_gcc_arm_none_eabi_10_2020_q4_major_bin____lib_gcc_arm_none_eabi_10_2_1_include___isystem___usr_share_gcc_arm_none_eabi_10_2020_q4_major_bin____lib_gcc_arm_none_eabi_10_2_1_include_fixed___Wl___unresolved_symbols_ignore_in_object_files__Wl___entry_0__mthumb succeeded with the following output:
Change Dir: /opt/Nordic/connect-sdk/nrf/samples/bluetooth/peripheral_lbs/build_nrf5340dk_nrf5340_cpuapp/CMakeFiles/CMakeTmp

Run Build Command(s):/usr/bin/ninja cmTC_1edd0 && [1/2] Building C object CMakeFiles/cmTC_1edd0.dir/src.c.obj
[2/2] Linking C executable cmTC_1edd0


Source file was:
int main(void) { return 0; }
Performing C SOURCE FILE Test check_C__nostartfiles__nostdlib__isystem___usr_share_gcc_arm_none_eabi_10_2020_q4_major_bin____lib_gcc_arm_none_eabi_10_2_1_include___isystem___usr_share_gcc_arm_none_eabi_10_2020_q4_major_bin____lib_gcc_arm_none_eabi_10_2_1_include_fixed___Wl___unresolved_symbols_ignore_in_object_files__Wl___entry_0__mabi_aapcs succeeded with the following output:
Change Dir: /opt/Nordic/connect-sdk/nrf/samples/bluetooth/peripheral_lbs/build_nrf5340dk_nrf5340_cpuapp/CMakeFiles/CMakeTmp

Run Build Command(s):/usr/bin/ninja cmTC_353da && [1/2] Building C object CMakeFiles/cmTC_353da.dir/src.c.obj
[2/2] Linking C executable cmTC_353da


Source file was:
int main(void) { return 0; }
Performing C SOURCE FILE Test check_C__nostartfiles__nostdlib__isystem___usr_share_gcc_arm_none_eabi_10_2020_q4_major_bin____lib_gcc_arm_none_eabi_10_2_1_include___isystem___usr_share_gcc_arm_none_eabi_10_2020_q4_major_bin____lib_gcc_arm_none_eabi_10_2_1_include_fixed___Wl___unresolved_symbols_ignore_in_object_files__Wl___entry_0__Wl___gc_sections succeeded with the following output:
Change Dir: /opt/Nordic/connect-sdk/nrf/samples/bluetooth/peripheral_lbs/build_nrf5340dk_nrf5340_cpuapp/CMakeFiles/CMakeTmp

Run Build Command(s):/usr/bin/ninja cmTC_44211 && [1/2] Building C object CMakeFiles/cmTC_44211.dir/src.c.obj
[2/2] Linking C executable cmTC_44211


Source file was:
int main(void) { return 0; }
Performing C SOURCE FILE Test check_C__nostartfiles__nostdlib__isystem___usr_share_gcc_arm_none_eabi_10_2020_q4_major_bin____lib_gcc_arm_none_eabi_10_2_1_include___isystem___usr_share_gcc_arm_none_eabi_10_2020_q4_major_bin____lib_gcc_arm_none_eabi_10_2_1_include_fixed___Wl___unresolved_symbols_ignore_in_object_files__Wl___entry_0__Wl___build_id_none succeeded with the following output:
Change Dir: /opt/Nordic/connect-sdk/nrf/samples/bluetooth/peripheral_lbs/build_nrf5340dk_nrf5340_cpuapp/CMakeFiles/CMakeTmp

Run Build Command(s):/usr/bin/ninja cmTC_67117 && [1/2] Building C object CMakeFiles/cmTC_67117.dir/src.c.obj
[2/2] Linking C executable cmTC_67117


Source file was:
int main(void) { return 0; }
Performing C SOURCE FILE Test check_C__nostartfiles__nostdlib__isystem___usr_share_gcc_arm_none_eabi_10_2020_q4_major_bin____lib_gcc_arm_none_eabi_10_2_1_include___isystem___usr_share_gcc_arm_none_eabi_10_2020_q4_major_bin____lib_gcc_arm_none_eabi_10_2_1_include_fixed___Wl___unresolved_symbols_ignore_in_object_files__Wl___entry_0__Wl___sort_common_descending succeeded with the following output:
Change Dir: /opt/Nordic/connect-sdk/nrf/samples/bluetooth/peripheral_lbs/build_nrf5340dk_nrf5340_cpuapp/CMakeFiles/CMakeTmp

Run Build Command(s):/usr/bin/ninja cmTC_199df && [1/2] Building C object CMakeFiles/cmTC_199df.dir/src.c.obj
[2/2] Linking C executable cmTC_199df


Source file was:
int main(void) { return 0; }
Performing C SOURCE FILE Test check_C__nostartfiles__nostdlib__isystem___usr_share_gcc_arm_none_eabi_10_2020_q4_major_bin____lib_gcc_arm_none_eabi_10_2_1_include___isystem___usr_share_gcc_arm_none_eabi_10_2020_q4_major_bin____lib_gcc_arm_none_eabi_10_2_1_include_fixed___Wl___unresolved_symbols_ignore_in_object_files__Wl___entry_0__Wl___sort_section_alignment succeeded with the following output:
Change Dir: /opt/Nordic/connect-sdk/nrf/samples/bluetooth/peripheral_lbs/build_nrf5340dk_nrf5340_cpuapp/CMakeFiles/CMakeTmp

Run Build Command(s):/usr/bin/ninja cmTC_01932 && [1/2] Building C object CMakeFiles/cmTC_01932.dir/src.c.obj
[2/2] Linking C executable cmTC_01932


Source file was:
int main(void) { return 0; }
Performing C SOURCE FILE Test check_C__nostartfiles__nostdlib__isystem___usr_share_gcc_arm_none_eabi_10_2020_q4_major_bin____lib_gcc_arm_none_eabi_10_2_1_include___isystem___usr_share_gcc_arm_none_eabi_10_2020_q4_major_bin____lib_gcc_arm_none_eabi_10_2_1_include_fixed___Wl___unresolved_symbols_ignore_in_object_files__Wl___entry_0__nostdlib succeeded with the following output:
Change Dir: /opt/Nordic/connect-sdk/nrf/samples/bluetooth/peripheral_lbs/build_nrf5340dk_nrf5340_cpuapp/CMakeFiles/CMakeTmp

Run Build Command(s):/usr/bin/ninja cmTC_7fc5f && [1/2] Building C object CMakeFiles/cmTC_7fc5f.dir/src.c.obj
[2/2] Linking C executable cmTC_7fc5f


Source file was:
int main(void) { return 0; }
Performing C SOURCE FILE Test check_C__nostartfiles__nostdlib__isystem___usr_share_gcc_arm_none_eabi_10_2020_q4_major_bin____lib_gcc_arm_none_eabi_10_2_1_include___isystem___usr_share_gcc_arm_none_eabi_10_2020_q4_major_bin____lib_gcc_arm_none_eabi_10_2_1_include_fixed___Wl___unresolved_symbols_ignore_in_object_files__Wl___entry_0__static succeeded with the following output:
Change Dir: /opt/Nordic/connect-sdk/nrf/samples/bluetooth/peripheral_lbs/build_nrf5340dk_nrf5340_cpuapp/CMakeFiles/CMakeTmp

Run Build Command(s):/usr/bin/ninja cmTC_aa60b && [1/2] Building C object CMakeFiles/cmTC_aa60b.dir/src.c.obj
[2/2] Linking C executable cmTC_aa60b


Source file was:
int main(void) { return 0; }
Performing C SOURCE FILE Test check_C__nostartfiles__nostdlib__isystem___usr_share_gcc_arm_none_eabi_10_2020_q4_major_bin____lib_gcc_arm_none_eabi_10_2_1_include___isystem___usr_share_gcc_arm_none_eabi_10_2020_q4_major_bin____lib_gcc_arm_none_eabi_10_2_1_include_fixed___Wl___unresolved_symbols_ignore_in_object_files__Wl___entry_0__no_pie succeeded with the following output:
Change Dir: /opt/Nordic/connect-sdk/nrf/samples/bluetooth/peripheral_lbs/build_nrf5340dk_nrf5340_cpuapp/CMakeFiles/CMakeTmp

Run Build Command(s):/usr/bin/ninja cmTC_03e0e && [1/2] Building C object CMakeFiles/cmTC_03e0e.dir/src.c.obj
[2/2] Linking C executable cmTC_03e0e


Source file was:
int main(void) { return 0; }
Performing C SOURCE FILE Test check_C__nostartfiles__nostdlib__isystem___usr_share_gcc_arm_none_eabi_10_2020_q4_major_bin____lib_gcc_arm_none_eabi_10_2_1_include___isystem___usr_share_gcc_arm_none_eabi_10_2020_q4_major_bin____lib_gcc_arm_none_eabi_10_2_1_include_fixed___Wl___unresolved_symbols_ignore_in_object_files__Wl___entry_0__Wl__X succeeded with the following output:
Change Dir: /opt/Nordic/connect-sdk/nrf/samples/bluetooth/peripheral_lbs/build_nrf5340dk_nrf5340_cpuapp/CMakeFiles/CMakeTmp

Run Build Command(s):/usr/bin/ninja cmTC_04f8e && [1/2] Building C object CMakeFiles/cmTC_04f8e.dir/src.c.obj
[2/2] Linking C executable cmTC_04f8e


Source file was:
int main(void) { return 0; }
Performing C SOURCE FILE Test check_C__nostartfiles__nostdlib__isystem___usr_share_gcc_arm_none_eabi_10_2020_q4_major_bin____lib_gcc_arm_none_eabi_10_2_1_include___isystem___usr_share_gcc_arm_none_eabi_10_2020_q4_major_bin____lib_gcc_arm_none_eabi_10_2_1_include_fixed___Wl___unresolved_symbols_ignore_in_object_files__Wl___entry_0__Wl__N succeeded with the following output:
Change Dir: /opt/Nordic/connect-sdk/nrf/samples/bluetooth/peripheral_lbs/build_nrf5340dk_nrf5340_cpuapp/CMakeFiles/CMakeTmp

Run Build Command(s):/usr/bin/ninja cmTC_6bd4f && [1/2] Building C object CMakeFiles/cmTC_6bd4f.dir/src.c.obj
[2/2] Linking C executable cmTC_6bd4f


Source file was:
int main(void) { return 0; }
Performing C SOURCE FILE Test check_C__nostartfiles__nostdlib__isystem___usr_share_gcc_arm_none_eabi_10_2020_q4_major_bin____lib_gcc_arm_none_eabi_10_2_1_include___isystem___usr_share_gcc_arm_none_eabi_10_2020_q4_major_bin____lib_gcc_arm_none_eabi_10_2_1_include_fixed___Wl___unresolved_symbols_ignore_in_object_files__Wl___entry_0__Wl___orphan_handling_warn succeeded with the following output:
Change Dir: /opt/Nordic/connect-sdk/nrf/samples/bluetooth/peripheral_lbs/build_nrf5340dk_nrf5340_cpuapp/CMakeFiles/CMakeTmp

Run Build Command(s):/usr/bin/ninja cmTC_d1794 && [1/2] Building C object CMakeFiles/cmTC_d1794.dir/src.c.obj
[2/2] Linking C executable cmTC_d1794


Source file was:
int main(void) { return 0; }
Performing C SOURCE FILE Test check_fno_asynchronous_unwind_tables_C__nostartfiles__nostdlib__isystem___usr_share_gcc_arm_none_eabi_10_2020_q4_major_bin____lib_gcc_arm_none_eabi_10_2_1_include___isystem___usr_share_gcc_arm_none_eabi_10_2020_q4_major_bin____lib_gcc_arm_none_eabi_10_2_1_include_fixed___Wl___unresolved_symbols_ignore_in_object_files__Wl___entry_0 succeeded with the following output:
Change Dir: /opt/Nordic/connect-sdk/nrf/samples/bluetooth/peripheral_lbs/build_nrf5340dk_nrf5340_cpuapp/CMakeFiles/CMakeTmp

Run Build Command(s):/usr/bin/ninja cmTC_bb960 && [1/2] Building C object CMakeFiles/cmTC_bb960.dir/src.c.obj
[2/2] Linking C executable cmTC_bb960


Source file was:
int main(void) { return 0; }
Performing C SOURCE FILE Test check_fno_pie_C__nostartfiles__nostdlib__isystem___usr_share_gcc_arm_none_eabi_10_2020_q4_major_bin____lib_gcc_arm_none_eabi_10_2_1_include___isystem___usr_share_gcc_arm_none_eabi_10_2020_q4_major_bin____lib_gcc_arm_none_eabi_10_2_1_include_fixed___Wl___unresolved_symbols_ignore_in_object_files__Wl___entry_0 succeeded with the following output:
Change Dir: /opt/Nordic/connect-sdk/nrf/samples/bluetooth/peripheral_lbs/build_nrf5340dk_nrf5340_cpuapp/CMakeFiles/CMakeTmp

Run Build Command(s):/usr/bin/ninja cmTC_53168 && [1/2] Building C object CMakeFiles/cmTC_53168.dir/src.c.obj
[2/2] Linking C executable cmTC_53168


Source file was:
int main(void) { return 0; }
Performing C SOURCE FILE Test check_fno_pic_C__nostartfiles__nostdlib__isystem___usr_share_gcc_arm_none_eabi_10_2020_q4_major_bin____lib_gcc_arm_none_eabi_10_2_1_include___isystem___usr_share_gcc_arm_none_eabi_10_2020_q4_major_bin____lib_gcc_arm_none_eabi_10_2_1_include_fixed___Wl___unresolved_symbols_ignore_in_object_files__Wl___entry_0 succeeded with the following output:
Change Dir: /opt/Nordic/connect-sdk/nrf/samples/bluetooth/peripheral_lbs/build_nrf5340dk_nrf5340_cpuapp/CMakeFiles/CMakeTmp

Run Build Command(s):/usr/bin/ninja cmTC_844d1 && [1/2] Building C object CMakeFiles/cmTC_844d1.dir/src.c.obj
[2/2] Linking C executable cmTC_844d1


Source file was:
int main(void) { return 0; }
Performing C SOURCE FILE Test check_fno_strict_overflow_C__nostartfiles__nostdlib__isystem___usr_share_gcc_arm_none_eabi_10_2020_q4_major_bin____lib_gcc_arm_none_eabi_10_2_1_include___isystem___usr_share_gcc_arm_none_eabi_10_2020_q4_major_bin____lib_gcc_arm_none_eabi_10_2_1_include_fixed___Wl___unresolved_symbols_ignore_in_object_files__Wl___entry_0 succeeded with the following output:
Change Dir: /opt/Nordic/connect-sdk/nrf/samples/bluetooth/peripheral_lbs/build_nrf5340dk_nrf5340_cpuapp/CMakeFiles/CMakeTmp

Run Build Command(s):/usr/bin/ninja cmTC_ded59 && [1/2] Building C object CMakeFiles/cmTC_ded59.dir/src.c.obj
[2/2] Linking C executable cmTC_ded59


Source file was:
int main(void) { return 0; }
Performing C SOURCE FILE Test check_fno_reorder_functions_C__nostartfiles__nostdlib__isystem___usr_share_gcc_arm_none_eabi_10_2020_q4_major_bin____lib_gcc_arm_none_eabi_10_2_1_include___isystem___usr_share_gcc_arm_none_eabi_10_2020_q4_major_bin____lib_gcc_arm_none_eabi_10_2_1_include_fixed___Wl___unresolved_symbols_ignore_in_object_files__Wl___entry_0 succeeded with the following output:
Change Dir: /opt/Nordic/connect-sdk/nrf/samples/bluetooth/peripheral_lbs/build_nrf5340dk_nrf5340_cpuapp/CMakeFiles/CMakeTmp

Run Build Command(s):/usr/bin/ninja cmTC_f6f41 && [1/2] Building C object CMakeFiles/cmTC_f6f41.dir/src.c.obj
[2/2] Linking C executable cmTC_f6f41


Source file was:
int main(void) { return 0; }
Performing C SOURCE FILE Test check_fno_defer_pop_C__nostartfiles__nostdlib__isystem___usr_share_gcc_arm_none_eabi_10_2020_q4_major_bin____lib_gcc_arm_none_eabi_10_2_1_include___isystem___usr_share_gcc_arm_none_eabi_10_2020_q4_major_bin____lib_gcc_arm_none_eabi_10_2_1_include_fixed___Wl___unresolved_symbols_ignore_in_object_files__Wl___entry_0 succeeded with the following output:
Change Dir: /opt/Nordic/connect-sdk/nrf/samples/bluetooth/peripheral_lbs/build_nrf5340dk_nrf5340_cpuapp/CMakeFiles/CMakeTmp

Run Build Command(s):/usr/bin/ninja cmTC_46703 && [1/2] Building C object CMakeFiles/cmTC_46703.dir/src.c.obj
[2/2] Linking C executable cmTC_46703


Source file was:
int main(void) { return 0; }
Performing C SOURCE FILE Test check_fmacro_prefix_map__opt_Nordic_connect_sdk_nrf_samples_bluetooth_peripheral_lbs_CMAKE_SOURCE_DIR_C__nostartfiles__nostdlib__isystem___usr_share_gcc_arm_none_eabi_10_2020_q4_major_bin____lib_gcc_arm_none_eabi_10_2_1_include___isystem___usr_share_gcc_arm_none_eabi_10_2020_q4_major_bin____lib_gcc_arm_none_eabi_10_2_1_include_fixed___Wl___unresolved_symbols_ignore_in_object_files__Wl___entry_0 succeeded with the following output:
Change Dir: /opt/Nordic/connect-sdk/nrf/samples/bluetooth/peripheral_lbs/build_nrf5340dk_nrf5340_cpuapp/CMakeFiles/CMakeTmp

Run Build Command(s):/usr/bin/ninja cmTC_ebc5f && [1/2] Building C object CMakeFiles/cmTC_ebc5f.dir/src.c.obj
[2/2] Linking C executable cmTC_ebc5f


Source file was:
int main(void) { return 0; }
Performing C SOURCE FILE Test check_fmacro_prefix_map__opt_Nordic_connect_sdk_zephyr_ZEPHYR_BASE_C__nostartfiles__nostdlib__isystem___usr_share_gcc_arm_none_eabi_10_2020_q4_major_bin____lib_gcc_arm_none_eabi_10_2_1_include___isystem___usr_share_gcc_arm_none_eabi_10_2020_q4_major_bin____lib_gcc_arm_none_eabi_10_2_1_include_fixed___Wl___unresolved_symbols_ignore_in_object_files__Wl___entry_0 succeeded with the following output:
Change Dir: /opt/Nordic/connect-sdk/nrf/samples/bluetooth/peripheral_lbs/build_nrf5340dk_nrf5340_cpuapp/CMakeFiles/CMakeTmp

Run Build Command(s):/usr/bin/ninja cmTC_bfd9b && [1/2] Building C object CMakeFiles/cmTC_bfd9b.dir/src.c.obj
[2/2] Linking C executable cmTC_bfd9b


Source file was:
int main(void) { return 0; }
Performing C SOURCE FILE Test check_fmacro_prefix_map__opt_Nordic_connect_sdk_WEST_TOPDIR_C__nostartfiles__nostdlib__isystem___usr_share_gcc_arm_none_eabi_10_2020_q4_major_bin____lib_gcc_arm_none_eabi_10_2_1_include___isystem___usr_share_gcc_arm_none_eabi_10_2020_q4_major_bin____lib_gcc_arm_none_eabi_10_2_1_include_fixed___Wl___unresolved_symbols_ignore_in_object_files__Wl___entry_0 succeeded with the following output:
Change Dir: /opt/Nordic/connect-sdk/nrf/samples/bluetooth/peripheral_lbs/build_nrf5340dk_nrf5340_cpuapp/CMakeFiles/CMakeTmp

Run Build Command(s):/usr/bin/ninja cmTC_1cd23 && [1/2] Building C object CMakeFiles/cmTC_1cd23.dir/src.c.obj
[2/2] Linking C executable cmTC_1cd23


Source file was:
int main(void) { return 0; }
Performing C SOURCE FILE Test check_ffunction_sections_C__nostartfiles__nostdlib__isystem___usr_share_gcc_arm_none_eabi_10_2020_q4_major_bin____lib_gcc_arm_none_eabi_10_2_1_include___isystem___usr_share_gcc_arm_none_eabi_10_2020_q4_major_bin____lib_gcc_arm_none_eabi_10_2_1_include_fixed___Wl___unresolved_symbols_ignore_in_object_files__Wl___entry_0 succeeded with the following output:
Change Dir: /opt/Nordic/connect-sdk/nrf/samples/bluetooth/peripheral_lbs/build_nrf5340dk_nrf5340_cpuapp/CMakeFiles/CMakeTmp

Run Build Command(s):/usr/bin/ninja cmTC_d9233 && [1/2] Building C object CMakeFiles/cmTC_d9233.dir/src.c.obj
[2/2] Linking C executable cmTC_d9233


Source file was:
int main(void) { return 0; }
Performing C SOURCE FILE Test check_fdata_sections_C__nostartfiles__nostdlib__isystem___usr_share_gcc_arm_none_eabi_10_2020_q4_major_bin____lib_gcc_arm_none_eabi_10_2_1_include___isystem___usr_share_gcc_arm_none_eabi_10_2020_q4_major_bin____lib_gcc_arm_none_eabi_10_2_1_include_fixed___Wl___unresolved_symbols_ignore_in_object_files__Wl___entry_0 succeeded with the following output:
Change Dir: /opt/Nordic/connect-sdk/nrf/samples/bluetooth/peripheral_lbs/build_nrf5340dk_nrf5340_cpuapp/CMakeFiles/CMakeTmp

Run Build Command(s):/usr/bin/ninja cmTC_ae5bc && [1/2] Building C object CMakeFiles/cmTC_ae5bc.dir/src.c.obj
[2/2] Linking C executable cmTC_ae5bc


Source file was:
int main(void) { return 0; }
Determining if files stdatomic.h exist passed with the following output:
Change Dir: /opt/Nordic/connect-sdk/nrf/samples/bluetooth/peripheral_lbs/build_nrf5340dk_nrf5340_cpuapp/CMakeFiles/CMakeTmp

Run Build Command(s):/usr/bin/ninja cmTC_75855 && [1/2] Building C object CMakeFiles/cmTC_75855.dir/HAVE_STDATOMIC_H.c.obj
[2/2] Linking C executable cmTC_75855
arm-none-eabi-gcc: warning: CMakeFiles/cmTC_75855.dir/HAVE_STDATOMIC_H.c.obj: linker input file unused because linking not done



Determining if files fcntl.h exist passed with the following output:
Change Dir: /opt/Nordic/connect-sdk/nrf/samples/bluetooth/peripheral_lbs/build_nrf5340dk_nrf5340_cpuapp/CMakeFiles/CMakeTmp

Run Build Command(s):/usr/bin/ninja cmTC_36123 && [1/2] Building C object CMakeFiles/cmTC_36123.dir/HAVE_FCNTL_H.c.obj
[2/2] Linking C executable cmTC_36123
arm-none-eabi-gcc: warning: CMakeFiles/cmTC_36123.dir/HAVE_FCNTL_H.c.obj: linker input file unused because linking not done



