Compiling the C compiler identification source file "CMakeCCompilerId.c" failed.
Compiler: /usr/share/gcc-arm-none-eabi-10-2020-q4-major/bin/arm-none-eabi-gcc 
Build flags: 
Id flags:  

The output was:
1
/usr/share/gcc-arm-none-eabi-10-2020-q4-major/bin/../lib/gcc/arm-none-eabi/10.2.1/../../../../arm-none-eabi/bin/ld: /usr/share/gcc-arm-none-eabi-10-2020-q4-major/bin/../lib/gcc/arm-none-eabi/10.2.1/../../../../arm-none-eabi/lib/libc.a(lib_a-exit.o): in function `exit':
exit.c:(.text.exit+0x2c): undefined reference to `_exit'
collect2: error: ld returned 1 exit status


Compiling the CXX compiler identification source file "CMakeCXXCompilerId.cpp" failed.
Compiler: /usr/share/gcc-arm-none-eabi-10-2020-q4-major/bin/arm-none-eabi-g++ 
Build flags: 
Id flags:  

The output was:
1
/usr/share/gcc-arm-none-eabi-10-2020-q4-major/bin/../lib/gcc/arm-none-eabi/10.2.1/../../../../arm-none-eabi/bin/ld: /usr/share/gcc-arm-none-eabi-10-2020-q4-major/bin/../lib/gcc/arm-none-eabi/10.2.1/../../../../arm-none-eabi/lib/libc.a(lib_a-exit.o): in function `exit':
exit.c:(.text.exit+0x2c): undefined reference to `_exit'
collect2: error: ld returned 1 exit status


Performing C SOURCE FILE Test check_mstack_protector_guard_global_C__nostartfiles__nostdlib__isystem___usr_share_gcc_arm_none_eabi_10_2020_q4_major_bin____lib_gcc_arm_none_eabi_10_2_1_include___isystem___usr_share_gcc_arm_none_eabi_10_2020_q4_major_bin____lib_gcc_arm_none_eabi_10_2_1_include_fixed___Wl___unresolved_symbols_ignore_in_object_files__Wl___entry_0 failed with the following output:
Change Dir: /opt/Nordic/connect-sdk/nrf/samples/bluetooth/peripheral_lbs/build_nrf5340dk_nrf5340_cpuapp/CMakeFiles/CMakeTmp

Run Build Command(s):/usr/bin/ninja cmTC_3c7c2 && [1/2] Building C object CMakeFiles/cmTC_3c7c2.dir/src.c.obj
FAILED: CMakeFiles/cmTC_3c7c2.dir/src.c.obj 
/usr/share/gcc-arm-none-eabi-10-2020-q4-major/bin/arm-none-eabi-gcc   -Dcheck_mstack_protector_guard_global_C__nostartfiles__nostdlib__isystem___usr_share_gcc_arm_none_eabi_10_2020_q4_major_bin____lib_gcc_arm_none_eabi_10_2_1_include___isystem___usr_share_gcc_arm_none_eabi_10_2020_q4_major_bin____lib_gcc_arm_none_eabi_10_2_1_include_fixed___Wl___unresolved_symbols_ignore_in_object_files__Wl___entry_0 -nostartfiles -nostdlib -isystem "/usr/share/gcc-arm-none-eabi-10-2020-q4-major/bin/../lib/gcc/arm-none-eabi/10.2.1/include" -isystem "/usr/share/gcc-arm-none-eabi-10-2020-q4-major/bin/../lib/gcc/arm-none-eabi/10.2.1/include-fixed" -Wl,--unresolved-symbols=ignore-in-object-files -Wl,--entry=0   -mstack-protector-guard=global -o CMakeFiles/cmTC_3c7c2.dir/src.c.obj   -c src.c
arm-none-eabi-gcc: error: unrecognized command-line option '-mstack-protector-guard=global'; did you mean '-fstack-protector-all'?
ninja: build stopped: subcommand failed.


Source file was:
int main(void) { return 0; }
Performing C SOURCE FILE Test check_C__nostartfiles__nostdlib__isystem___usr_share_gcc_arm_none_eabi_10_2020_q4_major_bin____lib_gcc_arm_none_eabi_10_2_1_include___isystem___usr_share_gcc_arm_none_eabi_10_2020_q4_major_bin____lib_gcc_arm_none_eabi_10_2_1_include_fixed___Wl___unresolved_symbols_ignore_in_object_files__Wl___entry_0__lasan failed with the following output:
Change Dir: /opt/Nordic/connect-sdk/nrf/samples/bluetooth/peripheral_lbs/build_nrf5340dk_nrf5340_cpuapp/CMakeFiles/CMakeTmp

Run Build Command(s):/usr/bin/ninja cmTC_2222d && [1/2] Building C object CMakeFiles/cmTC_2222d.dir/src.c.obj
[2/2] Linking C executable cmTC_2222d
FAILED: cmTC_2222d 
: && /usr/share/gcc-arm-none-eabi-10-2020-q4-major/bin/arm-none-eabi-gcc -Dcheck_C__nostartfiles__nostdlib__isystem___usr_share_gcc_arm_none_eabi_10_2020_q4_major_bin____lib_gcc_arm_none_eabi_10_2_1_include___isystem___usr_share_gcc_arm_none_eabi_10_2020_q4_major_bin____lib_gcc_arm_none_eabi_10_2_1_include_fixed___Wl___unresolved_symbols_ignore_in_object_files__Wl___entry_0__lasan -nostartfiles -nostdlib -isystem "/usr/share/gcc-arm-none-eabi-10-2020-q4-major/bin/../lib/gcc/arm-none-eabi/10.2.1/include" -isystem "/usr/share/gcc-arm-none-eabi-10-2020-q4-major/bin/../lib/gcc/arm-none-eabi/10.2.1/include-fixed" -Wl,--unresolved-symbols=ignore-in-object-files -Wl,--entry=0 -lasan   CMakeFiles/cmTC_2222d.dir/src.c.obj  -o cmTC_2222d   && :
/usr/share/gcc-arm-none-eabi-10-2020-q4-major/bin/../lib/gcc/arm-none-eabi/10.2.1/../../../../arm-none-eabi/bin/ld: cannot find -lasan
collect2: error: ld returned 1 exit status
ninja: build stopped: subcommand failed.


Source file was:
int main(void) { return 0; }
